running egg_info
creating ../build/learning_node_py/learning_node_py.egg-info
writing ../build/learning_node_py/learning_node_py.egg-info/PKG-INFO
writing dependency_links to ../build/learning_node_py/learning_node_py.egg-info/dependency_links.txt
writing entry points to ../build/learning_node_py/learning_node_py.egg-info/entry_points.txt
writing requirements to ../build/learning_node_py/learning_node_py.egg-info/requires.txt
writing top-level names to ../build/learning_node_py/learning_node_py.egg-info/top_level.txt
writing manifest file '../build/learning_node_py/learning_node_py.egg-info/SOURCES.txt'
reading manifest file '../build/learning_node_py/learning_node_py.egg-info/SOURCES.txt'
writing manifest file '../build/learning_node_py/learning_node_py.egg-info/SOURCES.txt'
running build
running build_py
creating /home/boran/Progarm/learning_ros/src/build/learning_node_py/build
creating /home/boran/Progarm/learning_ros/src/build/learning_node_py/build/lib
creating /home/boran/Progarm/learning_ros/src/build/learning_node_py/build/lib/learning_node_py
copying learning_node_py/node_hello_ros.py -> /home/boran/Progarm/learning_ros/src/build/learning_node_py/build/lib/learning_node_py
copying learning_node_py/__init__.py -> /home/boran/Progarm/learning_ros/src/build/learning_node_py/build/lib/learning_node_py
running install
running install_lib
creating /home/boran/Progarm/learning_ros/src/install/learning_node_py/lib/python3.10/site-packages/learning_node_py
copying /home/boran/Progarm/learning_ros/src/build/learning_node_py/build/lib/learning_node_py/node_hello_ros.py -> /home/boran/Progarm/learning_ros/src/install/learning_node_py/lib/python3.10/site-packages/learning_node_py
copying /home/boran/Progarm/learning_ros/src/build/learning_node_py/build/lib/learning_node_py/__init__.py -> /home/boran/Progarm/learning_ros/src/install/learning_node_py/lib/python3.10/site-packages/learning_node_py
byte-compiling /home/boran/Progarm/learning_ros/src/install/learning_node_py/lib/python3.10/site-packages/learning_node_py/node_hello_ros.py to node_hello_ros.cpython-310.pyc
byte-compiling /home/boran/Progarm/learning_ros/src/install/learning_node_py/lib/python3.10/site-packages/learning_node_py/__init__.py to __init__.cpython-310.pyc
running install_data
creating /home/boran/Progarm/learning_ros/src/install/learning_node_py/share/ament_index
creating /home/boran/Progarm/learning_ros/src/install/learning_node_py/share/ament_index/resource_index
creating /home/boran/Progarm/learning_ros/src/install/learning_node_py/share/ament_index/resource_index/packages
copying resource/learning_node_py -> /home/boran/Progarm/learning_ros/src/install/learning_node_py/share/ament_index/resource_index/packages
copying package.xml -> /home/boran/Progarm/learning_ros/src/install/learning_node_py/share/learning_node_py
running install_egg_info
Copying ../build/learning_node_py/learning_node_py.egg-info to /home/boran/Progarm/learning_ros/src/install/learning_node_py/lib/python3.10/site-packages/learning_node_py-0.0.0-py3.10.egg-info
running install_scripts
writing list of installed files to '/home/boran/Progarm/learning_ros/src/build/learning_node_py/install.log'
