[0.294s] Invoking command in '/home/boran/Progarm/learning_ros/src/learning_node_py': PYTHONPATH=/home/boran/Progarm/learning_ros/src/build/learning_node_py/prefix_override:/home/boran/Progarm/learning_ros/src/install/learning_node_py/lib/python3.10/site-packages:${PYTHONPATH} /usr/bin/python3 -W ignore:setup.py install is deprecated setup.py egg_info --egg-base ../build/learning_node_py build --build-base /home/boran/Progarm/learning_ros/src/build/learning_node_py/build install --record /home/boran/Progarm/learning_ros/src/build/learning_node_py/install.log --single-version-externally-managed install_data
[0.391s] running egg_info
[0.392s] creating ../build/learning_node_py/learning_node_py.egg-info
[0.392s] writing ../build/learning_node_py/learning_node_py.egg-info/PKG-INFO
[0.392s] writing dependency_links to ../build/learning_node_py/learning_node_py.egg-info/dependency_links.txt
[0.392s] writing entry points to ../build/learning_node_py/learning_node_py.egg-info/entry_points.txt
[0.393s] writing requirements to ../build/learning_node_py/learning_node_py.egg-info/requires.txt
[0.393s] writing top-level names to ../build/learning_node_py/learning_node_py.egg-info/top_level.txt
[0.393s] writing manifest file '../build/learning_node_py/learning_node_py.egg-info/SOURCES.txt'
[0.393s] reading manifest file '../build/learning_node_py/learning_node_py.egg-info/SOURCES.txt'
[0.394s] writing manifest file '../build/learning_node_py/learning_node_py.egg-info/SOURCES.txt'
[0.394s] running build
[0.394s] running build_py
[0.394s] creating /home/boran/Progarm/learning_ros/src/build/learning_node_py/build
[0.394s] creating /home/boran/Progarm/learning_ros/src/build/learning_node_py/build/lib
[0.394s] creating /home/boran/Progarm/learning_ros/src/build/learning_node_py/build/lib/learning_node_py
[0.394s] copying learning_node_py/node_hello_ros.py -> /home/boran/Progarm/learning_ros/src/build/learning_node_py/build/lib/learning_node_py
[0.394s] copying learning_node_py/__init__.py -> /home/boran/Progarm/learning_ros/src/build/learning_node_py/build/lib/learning_node_py
[0.394s] running install
[0.395s] running install_lib
[0.395s] creating /home/boran/Progarm/learning_ros/src/install/learning_node_py/lib/python3.10/site-packages/learning_node_py
[0.395s] copying /home/boran/Progarm/learning_ros/src/build/learning_node_py/build/lib/learning_node_py/node_hello_ros.py -> /home/boran/Progarm/learning_ros/src/install/learning_node_py/lib/python3.10/site-packages/learning_node_py
[0.395s] copying /home/boran/Progarm/learning_ros/src/build/learning_node_py/build/lib/learning_node_py/__init__.py -> /home/boran/Progarm/learning_ros/src/install/learning_node_py/lib/python3.10/site-packages/learning_node_py
[0.396s] byte-compiling /home/boran/Progarm/learning_ros/src/install/learning_node_py/lib/python3.10/site-packages/learning_node_py/node_hello_ros.py to node_hello_ros.cpython-310.pyc
[0.396s] byte-compiling /home/boran/Progarm/learning_ros/src/install/learning_node_py/lib/python3.10/site-packages/learning_node_py/__init__.py to __init__.cpython-310.pyc
[0.396s] running install_data
[0.396s] creating /home/boran/Progarm/learning_ros/src/install/learning_node_py/share/ament_index
[0.396s] creating /home/boran/Progarm/learning_ros/src/install/learning_node_py/share/ament_index/resource_index
[0.396s] creating /home/boran/Progarm/learning_ros/src/install/learning_node_py/share/ament_index/resource_index/packages
[0.396s] copying resource/learning_node_py -> /home/boran/Progarm/learning_ros/src/install/learning_node_py/share/ament_index/resource_index/packages
[0.396s] copying package.xml -> /home/boran/Progarm/learning_ros/src/install/learning_node_py/share/learning_node_py
[0.396s] running install_egg_info
[0.397s] Copying ../build/learning_node_py/learning_node_py.egg-info to /home/boran/Progarm/learning_ros/src/install/learning_node_py/lib/python3.10/site-packages/learning_node_py-0.0.0-py3.10.egg-info
[0.397s] running install_scripts
[0.408s] writing list of installed files to '/home/boran/Progarm/learning_ros/src/build/learning_node_py/install.log'
[0.421s] Invoked command in '/home/boran/Progarm/learning_ros/src/learning_node_py' returned '0': PYTHONPATH=/home/boran/Progarm/learning_ros/src/build/learning_node_py/prefix_override:/home/boran/Progarm/learning_ros/src/install/learning_node_py/lib/python3.10/site-packages:${PYTHONPATH} /usr/bin/python3 -W ignore:setup.py install is deprecated setup.py egg_info --egg-base ../build/learning_node_py build --build-base /home/boran/Progarm/learning_ros/src/build/learning_node_py/build install --record /home/boran/Progarm/learning_ros/src/build/learning_node_py/install.log --single-version-externally-managed install_data
